0 info it worked if it ends with ok
1 verbose cli [ 'C:\\Users\\Jan Erik\\Documents\\node.exe',
1 verbose cli   'C:\\Users\\Jan Erik\\Documents\\node_modules\\npm\\bin\\npm-cli.js',
1 verbose cli   'start' ]
2 info using npm@3.10.10
3 info using node@v6.11.2
4 verbose run-script [ 'prestart', 'start', 'poststart' ]
5 info lifecycle frontend@0.1.0~prestart: frontend@0.1.0
6 silly lifecycle frontend@0.1.0~prestart: no script for prestart, continuing
7 info lifecycle frontend@0.1.0~start: frontend@0.1.0
8 verbose lifecycle frontend@0.1.0~start: unsafe-perm in lifecycle true
9 verbose lifecycle frontend@0.1.0~start: PATH: C:\Users\Jan Erik\Documents\node_modules\npm\bin\node-gyp-bin;C:\Users\Jan Erik\code\prosjekt_test\frontend\node_modules\.bin;C:\Program Files\Microsoft MPI\Bin\;C:\ProgramData\Oracle\Java\javapath;C:\WINDOWS\system32;C:\WINDOWS;C:\WINDOWS\System32\Wbem;C:\WINDOWS\System32\WindowsPowerShell\v1.0\;C:\Program Files (x86)\NVIDIA Corporation\PhysX\Common;C:\WINDOWS\system32\config\systemprofile\.dnx\bin;C:\Program Files\Microsoft DNX\Dnvm\;C:\Program Files\Microsoft SQL Server\120\Tools\Binn\;C:\Program Files (x86)\GtkSharp\2.12\bin;C:\WINDOWS\system32;C:\WINDOWS;C:\WINDOWS\System32\Wbem;C:\WINDOWS\System32\WindowsPowerShell\v1.0\;C:\Users\Jan Erik\Documents\;C:\Program Files\Microsoft SQL Server\130\Tools\Binn\;C:\Program Files\MongoDB\Server\3.4\bin;C:\Program Files (x86)\Brackets\command;C:\Program Files\Git\cmd;C:\Users\Jan Erik\AppData\Local\Microsoft\WindowsApps;C:\mongodb\bin;C:\Users\Jan Erik\AppData\Local\particledev\bin;C:\Users\Jan Erik\AppData\Local\Microsoft\WindowsApps;C:\Users\Jan Erik\AppData\Roaming\npm;C:\Program Files\MongoDB\Server\3.4\bin;C:\Program Files (x86)\mosquitto;C:\Users\Jan Erik\AppData\Local\Google\Cloud SDK\google-cloud-sdk\bin;C:\Program Files\Microsoft VS Code\bin
10 verbose lifecycle frontend@0.1.0~start: CWD: C:\Users\Jan Erik\code\prosjekt_test\frontend
11 silly lifecycle frontend@0.1.0~start: Args: [ '/d /s /c', 'react-scripts start' ]
12 verbose stack Error: kill ENOSYS
12 verbose stack     at exports._errnoException (util.js:1020:11)
12 verbose stack     at process.kill (internal/process.js:190:13)
12 verbose stack     at process.listener (C:\Users\Jan Erik\Documents\node_modules\npm\node_modules\npmlog\node_modules\gauge\node_modules\signal-exit\index.js:86:15)
12 verbose stack     at emitNone (events.js:91:20)
12 verbose stack     at process.emit (events.js:185:7)
12 verbose stack     at processEmit (C:\Users\Jan Erik\Documents\node_modules\npm\node_modules\npmlog\node_modules\gauge\node_modules\signal-exit\index.js:146:32)
12 verbose stack     at processEmit (C:\Users\Jan Erik\Documents\node_modules\npm\node_modules\npm-registry-client\node_modules\npmlog\node_modules\gauge\node_modules\signal-exit\index.js:146:32)
12 verbose stack     at Signal.wrap.onsignal (internal/process.js:217:44)
13 verbose cwd C:\Users\Jan Erik\code\prosjekt_test\frontend
14 error Windows_NT 10.0.15063
15 error argv "C:\\Users\\Jan Erik\\Documents\\node.exe" "C:\\Users\\Jan Erik\\Documents\\node_modules\\npm\\bin\\npm-cli.js" "start"
16 error node v6.11.2
17 error npm  v3.10.10
18 error code ENOSYS
19 error errno ENOSYS
20 error syscall kill
21 error kill ENOSYS
22 error If you need help, you may report this error at:
22 error     <https://github.com/npm/npm/issues>
23 verbose exit [ 1, true ]
